<?xml version="1.0" encoding="UTF-8"?>
<testsuite xmlns:xsi="http://www.w3.org/2001/XMLSchema-instance" xsi:noNamespaceSchemaLocation="https://maven.apache.org/surefire/maven-surefire-plugin/xsd/surefire-test-report-3.0.xsd" version="3.0" name="de.uni_a.nifi.processors.myCustomProcessor.MyProcessorTest" time="0.081" tests="1" errors="0" skipped="0" failures="0">
  <properties>
    <property name="java.specification.version" value="20"/>
    <property name="sun.jnu.encoding" value="UTF-8"/>
    <property name="java.class.path" value="/tmp/processor/nifi-myCustomProcessor-processors/target/test-classes:/tmp/processor/nifi-myCustomProcessor-processors/target/classes:/root/.m2/repository/com/fasterxml/jackson/core/jackson-databind/2.14.2/jackson-databind-2.14.2.jar:/root/.m2/repository/com/fasterxml/jackson/core/jackson-annotations/2.14.2/jackson-annotations-2.14.2.jar:/root/.m2/repository/com/fasterxml/jackson/core/jackson-core/2.14.2/jackson-core-2.14.2.jar:/root/.m2/repository/ca/uhn/hapi/fhir/hapi-fhir-structures-r4/6.2.5/hapi-fhir-structures-r4-6.2.5.jar:/root/.m2/repository/com/squareup/okhttp3/okhttp/4.10.0/okhttp-4.10.0.jar:/root/.m2/repository/com/squareup/okio/okio-jvm/3.0.0/okio-jvm-3.0.0.jar:/root/.m2/repository/org/jetbrains/kotlin/kotlin-stdlib-jdk8/1.8.10/kotlin-stdlib-jdk8-1.8.10.jar:/root/.m2/repository/org/jetbrains/kotlin/kotlin-stdlib-jdk7/1.8.10/kotlin-stdlib-jdk7-1.8.10.jar:/root/.m2/repository/org/jetbrains/kotlin/kotlin-stdlib-common/1.8.10/kotlin-stdlib-common-1.8.10.jar:/root/.m2/repository/org/jetbrains/kotlin/kotlin-stdlib/1.8.10/kotlin-stdlib-1.8.10.jar:/root/.m2/repository/org/jetbrains/annotations/13.0/annotations-13.0.jar:/root/.m2/repository/ca/uhn/hapi/fhir/hapi-fhir-base/6.2.5/hapi-fhir-base-6.2.5.jar:/root/.m2/repository/com/fasterxml/jackson/datatype/jackson-datatype-jsr310/2.14.2/jackson-datatype-jsr310-2.14.2.jar:/root/.m2/repository/org/apache/commons/commons-lang3/3.12.0/commons-lang3-3.12.0.jar:/root/.m2/repository/org/apache/commons/commons-text/1.10.0/commons-text-1.10.0.jar:/root/.m2/repository/commons-codec/commons-codec/1.15/commons-codec-1.15.jar:/root/.m2/repository/commons-io/commons-io/2.11.0/commons-io-2.11.0.jar:/root/.m2/repository/com/google/guava/guava/31.0.1-jre/guava-31.0.1-jre.jar:/root/.m2/repository/com/google/guava/failureaccess/1.0.1/failureaccess-1.0.1.jar:/root/.m2/repository/com/google/guava/listenablefuture/9999.0-empty-to-avoid-conflict-with-guava/listenablefuture-9999.0-empty-to-avoid-conflict-with-guava.jar:/root/.m2/repository/org/checkerframework/checker-qual/3.12.0/checker-qual-3.12.0.jar:/root/.m2/repository/com/google/errorprone/error_prone_annotations/2.7.1/error_prone_annotations-2.7.1.jar:/root/.m2/repository/com/google/j2objc/j2objc-annotations/1.3/j2objc-annotations-1.3.jar:/root/.m2/repository/org/slf4j/jcl-over-slf4j/2.0.7/jcl-over-slf4j-2.0.7.jar:/root/.m2/repository/ca/uhn/hapi/fhir/org.hl7.fhir.utilities/5.6.68/org.hl7.fhir.utilities-5.6.68.jar:/root/.m2/repository/ca/uhn/hapi/fhir/org.hl7.fhir.r4/5.6.68/org.hl7.fhir.r4-5.6.68.jar:/root/.m2/repository/com/google/code/findbugs/jsr305/3.0.2/jsr305-3.0.2.jar:/root/.m2/repository/org/projectlombok/lombok/1.18.30/lombok-1.18.30.jar:/root/.m2/repository/org/apache/nifi/nifi-api/1.21.0/nifi-api-1.21.0.jar:/root/.m2/repository/org/apache/nifi/nifi-utils/1.21.0/nifi-utils-1.21.0.jar:/root/.m2/repository/jakarta/xml/bind/jakarta.xml.bind-api/2.3.3/jakarta.xml.bind-api-2.3.3.jar:/root/.m2/repository/jakarta/activation/jakarta.activation-api/1.2.2/jakarta.activation-api-1.2.2.jar:/root/.m2/repository/org/glassfish/jaxb/jaxb-runtime/2.3.5/jaxb-runtime-2.3.5.jar:/root/.m2/repository/org/glassfish/jaxb/txw2/2.3.5/txw2-2.3.5.jar:/root/.m2/repository/com/sun/istack/istack-commons-runtime/3.0.12/istack-commons-runtime-3.0.12.jar:/root/.m2/repository/com/sun/activation/jakarta.activation/1.2.2/jakarta.activation-1.2.2.jar:/root/.m2/repository/org/apache/nifi/nifi-mock/1.21.0/nifi-mock-1.21.0.jar:/root/.m2/repository/org/apache/nifi/nifi-framework-api/1.21.0/nifi-framework-api-1.21.0.jar:/root/.m2/repository/org/apache/nifi/nifi-parameter/1.21.0/nifi-parameter-1.21.0.jar:/root/.m2/repository/org/apache/nifi/nifi-framework-core-api/1.21.0/nifi-framework-core-api-1.21.0.jar:/root/.m2/repository/org/apache/nifi/nifi-framework-nar-utils/1.21.0/nifi-framework-nar-utils-1.21.0.jar:/root/.m2/repository/org/apache/nifi/nifi-runtime-manifest-core/1.21.0/nifi-runtime-manifest-core-1.21.0.jar:/root/.m2/repository/org/apache/nifi/nifi-extension-manifest-model/1.21.0/nifi-extension-manifest-model-1.21.0.jar:/root/.m2/repository/org/apache/nifi/nifi-extension-manifest-parser/1.21.0/nifi-extension-manifest-parser-1.21.0.jar:/root/.m2/repository/org/apache/nifi/nifi-client-dto/1.21.0/nifi-client-dto-1.21.0.jar:/root/.m2/repository/io/swagger/swagger-annotations/1.6.6/swagger-annotations-1.6.6.jar:/root/.m2/repository/org/apache/nifi/c2-protocol-component-api/1.21.0/c2-protocol-component-api-1.21.0.jar:/root/.m2/repository/org/apache/nifi/nifi-site-to-site-client/1.21.0/nifi-site-to-site-client-1.21.0.jar:/root/.m2/repository/org/apache/nifi/nifi-security-utils/1.21.0/nifi-security-utils-1.21.0.jar:/root/.m2/repository/org/apache/nifi/nifi-deprecation-log/1.21.0/nifi-deprecation-log-1.21.0.jar:/root/.m2/repository/org/bouncycastle/bcprov-jdk18on/1.71/bcprov-jdk18on-1.71.jar:/root/.m2/repository/org/bouncycastle/bcpkix-jdk18on/1.71/bcpkix-jdk18on-1.71.jar:/root/.m2/repository/org/bouncycastle/bcutil-jdk18on/1.71/bcutil-jdk18on-1.71.jar:/root/.m2/repository/org/apache/nifi/nifi-properties/1.21.0/nifi-properties-1.21.0.jar:/root/.m2/repository/org/apache/nifi/nifi-property-utils/1.21.0/nifi-property-utils-1.21.0.jar:/root/.m2/repository/at/favre/lib/bcrypt/0.9.0/bcrypt-0.9.0.jar:/root/.m2/repository/at/favre/lib/bytes/1.3.0/bytes-1.3.0.jar:/root/.m2/repository/org/apache/nifi/nifi-security-utils-api/1.21.0/nifi-security-utils-api-1.21.0.jar:/root/.m2/repository/org/apache/nifi/nifi-security-ssl/1.21.0/nifi-security-ssl-1.21.0.jar:/root/.m2/repository/org/apache/nifi/nifi-xml-processing/1.21.0/nifi-xml-processing-1.21.0.jar:/root/.m2/repository/org/apache/httpcomponents/client5/httpclient5/5.0-beta4/httpclient5-5.0-beta4.jar:/root/.m2/repository/org/apache/httpcomponents/core5/httpcore5/5.0-beta7/httpcore5-5.0-beta7.jar:/root/.m2/repository/org/apache/httpcomponents/core5/httpcore5-h2/5.0-beta7/httpcore5-h2-5.0-beta7.jar:/root/.m2/repository/org/apache/httpcomponents/httpasyncclient/4.1.5/httpasyncclient-4.1.5.jar:/root/.m2/repository/org/apache/httpcomponents/httpcore/4.4.15/httpcore-4.4.15.jar:/root/.m2/repository/org/apache/httpcomponents/httpcore-nio/4.4.15/httpcore-nio-4.4.15.jar:/root/.m2/repository/org/apache/httpcomponents/httpclient/4.5.13/httpclient-4.5.13.jar:/root/.m2/repository/javax/validation/validation-api/2.0.1.Final/validation-api-2.0.1.Final.jar:/root/.m2/repository/org/apache/nifi/nifi-framework-authorization/1.21.0/nifi-framework-authorization-1.21.0.jar:/root/.m2/repository/org/apache/nifi/nifi-expression-language/1.21.0/nifi-expression-language-1.21.0.jar:/root/.m2/repository/org/antlr/antlr-runtime/3.5.2/antlr-runtime-3.5.2.jar:/root/.m2/repository/org/apache/nifi/nifi-uuid5/1.21.0/nifi-uuid5-1.21.0.jar:/root/.m2/repository/com/jayway/jsonpath/json-path/2.6.0/json-path-2.6.0.jar:/root/.m2/repository/net/minidev/json-smart/2.4.10/json-smart-2.4.10.jar:/root/.m2/repository/net/minidev/accessors-smart/2.4.9/accessors-smart-2.4.9.jar:/root/.m2/repository/org/ow2/asm/asm/9.3/asm-9.3.jar:/root/.m2/repository/org/apache/nifi/nifi-data-provenance-utils/1.21.0/nifi-data-provenance-utils-1.21.0.jar:/root/.m2/repository/org/slf4j/slf4j-simple/2.0.7/slf4j-simple-2.0.7.jar:/root/.m2/repository/org/slf4j/slf4j-api/2.0.7/slf4j-api-2.0.7.jar:/root/.m2/repository/org/junit/jupiter/junit-jupiter-api/5.9.1/junit-jupiter-api-5.9.1.jar:/root/.m2/repository/org/opentest4j/opentest4j/1.2.0/opentest4j-1.2.0.jar:/root/.m2/repository/org/junit/platform/junit-platform-commons/1.9.1/junit-platform-commons-1.9.1.jar:/root/.m2/repository/org/apiguardian/apiguardian-api/1.1.2/apiguardian-api-1.1.2.jar:/root/.m2/repository/org/junit/jupiter/junit-jupiter-engine/5.9.1/junit-jupiter-engine-5.9.1.jar:/root/.m2/repository/org/junit/platform/junit-platform-engine/1.9.1/junit-platform-engine-1.9.1.jar:/root/.m2/repository/org/junit/vintage/junit-vintage-engine/5.9.1/junit-vintage-engine-5.9.1.jar:/root/.m2/repository/junit/junit/4.13.2/junit-4.13.2.jar:/root/.m2/repository/org/hamcrest/hamcrest-core/1.3/hamcrest-core-1.3.jar:/root/.m2/repository/org/junit/jupiter/junit-jupiter-params/5.9.1/junit-jupiter-params-5.9.1.jar:/root/.m2/repository/org/mockito/mockito-core/4.11.0/mockito-core-4.11.0.jar:/root/.m2/repository/net/bytebuddy/byte-buddy/1.12.19/byte-buddy-1.12.19.jar:/root/.m2/repository/net/bytebuddy/byte-buddy-agent/1.12.19/byte-buddy-agent-1.12.19.jar:/root/.m2/repository/org/objenesis/objenesis/3.3/objenesis-3.3.jar:/root/.m2/repository/org/mockito/mockito-junit-jupiter/4.11.0/mockito-junit-jupiter-4.11.0.jar:/root/.m2/repository/org/codehaus/groovy/groovy-test/3.0.14/groovy-test-3.0.14.jar:/root/.m2/repository/org/codehaus/groovy/groovy/3.0.14/groovy-3.0.14.jar:"/>
    <property name="java.vm.vendor" value="Eclipse Adoptium"/>
    <property name="sun.arch.data.model" value="64"/>
    <property name="java.vendor.url" value="https://adoptium.net/"/>
    <property name="os.name" value="Linux"/>
    <property name="java.vm.specification.version" value="20"/>
    <property name="sun.java.launcher" value="SUN_STANDARD"/>
    <property name="user.country" value="US"/>
    <property name="sun.boot.library.path" value="/opt/java/openjdk/lib"/>
    <property name="sun.java.command" value="/tmp/processor/nifi-myCustomProcessor-processors/target/surefire/surefirebooter-20230927121434581_3.jar /tmp/processor/nifi-myCustomProcessor-processors/target/surefire 2023-09-27T12-14-34_526-jvmRun1 surefire-20230927121434581_1tmp surefire_0-20230927121434581_2tmp"/>
    <property name="jdk.debug" value="release"/>
    <property name="surefire.test.class.path" value="/tmp/processor/nifi-myCustomProcessor-processors/target/test-classes:/tmp/processor/nifi-myCustomProcessor-processors/target/classes:/root/.m2/repository/com/fasterxml/jackson/core/jackson-databind/2.14.2/jackson-databind-2.14.2.jar:/root/.m2/repository/com/fasterxml/jackson/core/jackson-annotations/2.14.2/jackson-annotations-2.14.2.jar:/root/.m2/repository/com/fasterxml/jackson/core/jackson-core/2.14.2/jackson-core-2.14.2.jar:/root/.m2/repository/ca/uhn/hapi/fhir/hapi-fhir-structures-r4/6.2.5/hapi-fhir-structures-r4-6.2.5.jar:/root/.m2/repository/com/squareup/okhttp3/okhttp/4.10.0/okhttp-4.10.0.jar:/root/.m2/repository/com/squareup/okio/okio-jvm/3.0.0/okio-jvm-3.0.0.jar:/root/.m2/repository/org/jetbrains/kotlin/kotlin-stdlib-jdk8/1.8.10/kotlin-stdlib-jdk8-1.8.10.jar:/root/.m2/repository/org/jetbrains/kotlin/kotlin-stdlib-jdk7/1.8.10/kotlin-stdlib-jdk7-1.8.10.jar:/root/.m2/repository/org/jetbrains/kotlin/kotlin-stdlib-common/1.8.10/kotlin-stdlib-common-1.8.10.jar:/root/.m2/repository/org/jetbrains/kotlin/kotlin-stdlib/1.8.10/kotlin-stdlib-1.8.10.jar:/root/.m2/repository/org/jetbrains/annotations/13.0/annotations-13.0.jar:/root/.m2/repository/ca/uhn/hapi/fhir/hapi-fhir-base/6.2.5/hapi-fhir-base-6.2.5.jar:/root/.m2/repository/com/fasterxml/jackson/datatype/jackson-datatype-jsr310/2.14.2/jackson-datatype-jsr310-2.14.2.jar:/root/.m2/repository/org/apache/commons/commons-lang3/3.12.0/commons-lang3-3.12.0.jar:/root/.m2/repository/org/apache/commons/commons-text/1.10.0/commons-text-1.10.0.jar:/root/.m2/repository/commons-codec/commons-codec/1.15/commons-codec-1.15.jar:/root/.m2/repository/commons-io/commons-io/2.11.0/commons-io-2.11.0.jar:/root/.m2/repository/com/google/guava/guava/31.0.1-jre/guava-31.0.1-jre.jar:/root/.m2/repository/com/google/guava/failureaccess/1.0.1/failureaccess-1.0.1.jar:/root/.m2/repository/com/google/guava/listenablefuture/9999.0-empty-to-avoid-conflict-with-guava/listenablefuture-9999.0-empty-to-avoid-conflict-with-guava.jar:/root/.m2/repository/org/checkerframework/checker-qual/3.12.0/checker-qual-3.12.0.jar:/root/.m2/repository/com/google/errorprone/error_prone_annotations/2.7.1/error_prone_annotations-2.7.1.jar:/root/.m2/repository/com/google/j2objc/j2objc-annotations/1.3/j2objc-annotations-1.3.jar:/root/.m2/repository/org/slf4j/jcl-over-slf4j/2.0.7/jcl-over-slf4j-2.0.7.jar:/root/.m2/repository/ca/uhn/hapi/fhir/org.hl7.fhir.utilities/5.6.68/org.hl7.fhir.utilities-5.6.68.jar:/root/.m2/repository/ca/uhn/hapi/fhir/org.hl7.fhir.r4/5.6.68/org.hl7.fhir.r4-5.6.68.jar:/root/.m2/repository/com/google/code/findbugs/jsr305/3.0.2/jsr305-3.0.2.jar:/root/.m2/repository/org/projectlombok/lombok/1.18.30/lombok-1.18.30.jar:/root/.m2/repository/org/apache/nifi/nifi-api/1.21.0/nifi-api-1.21.0.jar:/root/.m2/repository/org/apache/nifi/nifi-utils/1.21.0/nifi-utils-1.21.0.jar:/root/.m2/repository/jakarta/xml/bind/jakarta.xml.bind-api/2.3.3/jakarta.xml.bind-api-2.3.3.jar:/root/.m2/repository/jakarta/activation/jakarta.activation-api/1.2.2/jakarta.activation-api-1.2.2.jar:/root/.m2/repository/org/glassfish/jaxb/jaxb-runtime/2.3.5/jaxb-runtime-2.3.5.jar:/root/.m2/repository/org/glassfish/jaxb/txw2/2.3.5/txw2-2.3.5.jar:/root/.m2/repository/com/sun/istack/istack-commons-runtime/3.0.12/istack-commons-runtime-3.0.12.jar:/root/.m2/repository/com/sun/activation/jakarta.activation/1.2.2/jakarta.activation-1.2.2.jar:/root/.m2/repository/org/apache/nifi/nifi-mock/1.21.0/nifi-mock-1.21.0.jar:/root/.m2/repository/org/apache/nifi/nifi-framework-api/1.21.0/nifi-framework-api-1.21.0.jar:/root/.m2/repository/org/apache/nifi/nifi-parameter/1.21.0/nifi-parameter-1.21.0.jar:/root/.m2/repository/org/apache/nifi/nifi-framework-core-api/1.21.0/nifi-framework-core-api-1.21.0.jar:/root/.m2/repository/org/apache/nifi/nifi-framework-nar-utils/1.21.0/nifi-framework-nar-utils-1.21.0.jar:/root/.m2/repository/org/apache/nifi/nifi-runtime-manifest-core/1.21.0/nifi-runtime-manifest-core-1.21.0.jar:/root/.m2/repository/org/apache/nifi/nifi-extension-manifest-model/1.21.0/nifi-extension-manifest-model-1.21.0.jar:/root/.m2/repository/org/apache/nifi/nifi-extension-manifest-parser/1.21.0/nifi-extension-manifest-parser-1.21.0.jar:/root/.m2/repository/org/apache/nifi/nifi-client-dto/1.21.0/nifi-client-dto-1.21.0.jar:/root/.m2/repository/io/swagger/swagger-annotations/1.6.6/swagger-annotations-1.6.6.jar:/root/.m2/repository/org/apache/nifi/c2-protocol-component-api/1.21.0/c2-protocol-component-api-1.21.0.jar:/root/.m2/repository/org/apache/nifi/nifi-site-to-site-client/1.21.0/nifi-site-to-site-client-1.21.0.jar:/root/.m2/repository/org/apache/nifi/nifi-security-utils/1.21.0/nifi-security-utils-1.21.0.jar:/root/.m2/repository/org/apache/nifi/nifi-deprecation-log/1.21.0/nifi-deprecation-log-1.21.0.jar:/root/.m2/repository/org/bouncycastle/bcprov-jdk18on/1.71/bcprov-jdk18on-1.71.jar:/root/.m2/repository/org/bouncycastle/bcpkix-jdk18on/1.71/bcpkix-jdk18on-1.71.jar:/root/.m2/repository/org/bouncycastle/bcutil-jdk18on/1.71/bcutil-jdk18on-1.71.jar:/root/.m2/repository/org/apache/nifi/nifi-properties/1.21.0/nifi-properties-1.21.0.jar:/root/.m2/repository/org/apache/nifi/nifi-property-utils/1.21.0/nifi-property-utils-1.21.0.jar:/root/.m2/repository/at/favre/lib/bcrypt/0.9.0/bcrypt-0.9.0.jar:/root/.m2/repository/at/favre/lib/bytes/1.3.0/bytes-1.3.0.jar:/root/.m2/repository/org/apache/nifi/nifi-security-utils-api/1.21.0/nifi-security-utils-api-1.21.0.jar:/root/.m2/repository/org/apache/nifi/nifi-security-ssl/1.21.0/nifi-security-ssl-1.21.0.jar:/root/.m2/repository/org/apache/nifi/nifi-xml-processing/1.21.0/nifi-xml-processing-1.21.0.jar:/root/.m2/repository/org/apache/httpcomponents/client5/httpclient5/5.0-beta4/httpclient5-5.0-beta4.jar:/root/.m2/repository/org/apache/httpcomponents/core5/httpcore5/5.0-beta7/httpcore5-5.0-beta7.jar:/root/.m2/repository/org/apache/httpcomponents/core5/httpcore5-h2/5.0-beta7/httpcore5-h2-5.0-beta7.jar:/root/.m2/repository/org/apache/httpcomponents/httpasyncclient/4.1.5/httpasyncclient-4.1.5.jar:/root/.m2/repository/org/apache/httpcomponents/httpcore/4.4.15/httpcore-4.4.15.jar:/root/.m2/repository/org/apache/httpcomponents/httpcore-nio/4.4.15/httpcore-nio-4.4.15.jar:/root/.m2/repository/org/apache/httpcomponents/httpclient/4.5.13/httpclient-4.5.13.jar:/root/.m2/repository/javax/validation/validation-api/2.0.1.Final/validation-api-2.0.1.Final.jar:/root/.m2/repository/org/apache/nifi/nifi-framework-authorization/1.21.0/nifi-framework-authorization-1.21.0.jar:/root/.m2/repository/org/apache/nifi/nifi-expression-language/1.21.0/nifi-expression-language-1.21.0.jar:/root/.m2/repository/org/antlr/antlr-runtime/3.5.2/antlr-runtime-3.5.2.jar:/root/.m2/repository/org/apache/nifi/nifi-uuid5/1.21.0/nifi-uuid5-1.21.0.jar:/root/.m2/repository/com/jayway/jsonpath/json-path/2.6.0/json-path-2.6.0.jar:/root/.m2/repository/net/minidev/json-smart/2.4.10/json-smart-2.4.10.jar:/root/.m2/repository/net/minidev/accessors-smart/2.4.9/accessors-smart-2.4.9.jar:/root/.m2/repository/org/ow2/asm/asm/9.3/asm-9.3.jar:/root/.m2/repository/org/apache/nifi/nifi-data-provenance-utils/1.21.0/nifi-data-provenance-utils-1.21.0.jar:/root/.m2/repository/org/slf4j/slf4j-simple/2.0.7/slf4j-simple-2.0.7.jar:/root/.m2/repository/org/slf4j/slf4j-api/2.0.7/slf4j-api-2.0.7.jar:/root/.m2/repository/org/junit/jupiter/junit-jupiter-api/5.9.1/junit-jupiter-api-5.9.1.jar:/root/.m2/repository/org/opentest4j/opentest4j/1.2.0/opentest4j-1.2.0.jar:/root/.m2/repository/org/junit/platform/junit-platform-commons/1.9.1/junit-platform-commons-1.9.1.jar:/root/.m2/repository/org/apiguardian/apiguardian-api/1.1.2/apiguardian-api-1.1.2.jar:/root/.m2/repository/org/junit/jupiter/junit-jupiter-engine/5.9.1/junit-jupiter-engine-5.9.1.jar:/root/.m2/repository/org/junit/platform/junit-platform-engine/1.9.1/junit-platform-engine-1.9.1.jar:/root/.m2/repository/org/junit/vintage/junit-vintage-engine/5.9.1/junit-vintage-engine-5.9.1.jar:/root/.m2/repository/junit/junit/4.13.2/junit-4.13.2.jar:/root/.m2/repository/org/hamcrest/hamcrest-core/1.3/hamcrest-core-1.3.jar:/root/.m2/repository/org/junit/jupiter/junit-jupiter-params/5.9.1/junit-jupiter-params-5.9.1.jar:/root/.m2/repository/org/mockito/mockito-core/4.11.0/mockito-core-4.11.0.jar:/root/.m2/repository/net/bytebuddy/byte-buddy/1.12.19/byte-buddy-1.12.19.jar:/root/.m2/repository/net/bytebuddy/byte-buddy-agent/1.12.19/byte-buddy-agent-1.12.19.jar:/root/.m2/repository/org/objenesis/objenesis/3.3/objenesis-3.3.jar:/root/.m2/repository/org/mockito/mockito-junit-jupiter/4.11.0/mockito-junit-jupiter-4.11.0.jar:/root/.m2/repository/org/codehaus/groovy/groovy-test/3.0.14/groovy-test-3.0.14.jar:/root/.m2/repository/org/codehaus/groovy/groovy/3.0.14/groovy-3.0.14.jar:"/>
    <property name="sun.cpu.endian" value="little"/>
    <property name="user.home" value="/root"/>
    <property name="user.language" value="en"/>
    <property name="java.specification.vendor" value="Oracle Corporation"/>
    <property name="java.version.date" value="2023-04-18"/>
    <property name="java.home" value="/opt/java/openjdk"/>
    <property name="file.separator" value="/"/>
    <property name="basedir" value="/tmp/processor/nifi-myCustomProcessor-processors"/>
    <property name="java.vm.compressedOopsMode" value="Zero based"/>
    <property name="line.separator" value="&#10;"/>
    <property name="java.specification.name" value="Java Platform API Specification"/>
    <property name="java.vm.specification.vendor" value="Oracle Corporation"/>
    <property name="java.awt.headless" value="true"/>
    <property name="surefire.real.class.path" value="/tmp/processor/nifi-myCustomProcessor-processors/target/surefire/surefirebooter-20230927121434581_3.jar"/>
    <property name="sun.management.compiler" value="HotSpot 64-Bit Tiered Compilers"/>
    <property name="java.runtime.version" value="20.0.1+9"/>
    <property name="user.name" value="root"/>
    <property name="stdout.encoding" value="UTF-8"/>
    <property name="path.separator" value=":"/>
    <property name="os.version" value="6.5.3-arch1-1"/>
    <property name="java.runtime.name" value="OpenJDK Runtime Environment"/>
    <property name="file.encoding" value="UTF-8"/>
    <property name="java.vm.name" value="OpenJDK 64-Bit Server VM"/>
    <property name="java.vendor.version" value="Temurin-20.0.1+9"/>
    <property name="localRepository" value="/root/.m2/repository"/>
    <property name="java.vendor.url.bug" value="https://github.com/adoptium/adoptium-support/issues"/>
    <property name="java.io.tmpdir" value="/tmp"/>
    <property name="java.version" value="20.0.1"/>
    <property name="user.dir" value="/tmp/processor/nifi-myCustomProcessor-processors"/>
    <property name="os.arch" value="amd64"/>
    <property name="java.vm.specification.name" value="Java Virtual Machine Specification"/>
    <property name="native.encoding" value="UTF-8"/>
    <property name="java.library.path" value="/usr/java/packages/lib:/usr/lib64:/lib64:/lib:/usr/lib"/>
    <property name="java.vm.info" value="mixed mode, sharing"/>
    <property name="stderr.encoding" value="UTF-8"/>
    <property name="java.vendor" value="Eclipse Adoptium"/>
    <property name="java.vm.version" value="20.0.1+9"/>
    <property name="sun.io.unicode.encoding" value="UnicodeLittle"/>
    <property name="java.class.version" value="64.0"/>
  </properties>
  <testcase name="testProcessor" classname="de.uni_a.nifi.processors.myCustomProcessor.MyProcessorTest" time="0.066"/>
</testsuite>